{"/Users/antonboikov/Desktop/Springboard/Node_Pg/express-biztime/app.js": {"path":"/Users/antonboikov/Desktop/Springboard/Node_Pg/express-biztime/app.js","statementMap":{"0":{"start":{"line":1,"column":16},"end":{"line":1,"column":34}},"1":{"start":{"line":2,"column":24},"end":{"line":2,"column":53}},"2":{"start":{"line":3,"column":23},"end":{"line":3,"column":51}},"3":{"start":{"line":5,"column":12},"end":{"line":5,"column":21}},"4":{"start":{"line":6,"column":21},"end":{"line":6,"column":46}},"5":{"start":{"line":8,"column":0},"end":{"line":8,"column":24}},"6":{"start":{"line":10,"column":0},"end":{"line":10,"column":39}},"7":{"start":{"line":11,"column":0},"end":{"line":11,"column":37}},"8":{"start":{"line":15,"column":0},"end":{"line":18,"column":3}},"9":{"start":{"line":16,"column":14},"end":{"line":16,"column":48}},"10":{"start":{"line":17,"column":2},"end":{"line":17,"column":19}},"11":{"start":{"line":22,"column":0},"end":{"line":29,"column":3}},"12":{"start":{"line":23,"column":2},"end":{"line":23,"column":32}},"13":{"start":{"line":25,"column":2},"end":{"line":28,"column":5}},"14":{"start":{"line":31,"column":0},"end":{"line":31,"column":21}}},"fnMap":{"0":{"name":"(anonymous_0)","decl":{"start":{"line":15,"column":8},"end":{"line":15,"column":9}},"loc":{"start":{"line":15,"column":34},"end":{"line":18,"column":1}},"line":15},"1":{"name":"(anonymous_1)","decl":{"start":{"line":22,"column":8},"end":{"line":22,"column":9}},"loc":{"start":{"line":22,"column":33},"end":{"line":29,"column":1}},"line":22}},"branchMap":{"0":{"loc":{"start":{"line":23,"column":13},"end":{"line":23,"column":30}},"type":"binary-expr","locations":[{"start":{"line":23,"column":13},"end":{"line":23,"column":23}},{"start":{"line":23,"column":27},"end":{"line":23,"column":30}}],"line":23}},"s":{"0":1,"1":1,"2":1,"3":1,"4":1,"5":1,"6":1,"7":1,"8":1,"9":0,"10":0,"11":1,"12":1,"13":1,"14":1},"f":{"0":0,"1":1},"b":{"0":[1,0]},"_coverageSchema":"1a1c01bbd47fc00a2c39e90264f33305004495a9","hash":"8b7b8db453fadb4fe04f504d8936094cfaafda79"}
,"/Users/antonboikov/Desktop/Springboard/Node_Pg/express-biztime/db.js": {"path":"/Users/antonboikov/Desktop/Springboard/Node_Pg/express-biztime/db.js","statementMap":{"0":{"start":{"line":3,"column":19},"end":{"line":3,"column":32}},"1":{"start":{"line":5,"column":11},"end":{"line":7,"column":2}},"2":{"start":{"line":9,"column":0},"end":{"line":9,"column":13}},"3":{"start":{"line":11,"column":0},"end":{"line":11,"column":20}}},"fnMap":{},"branchMap":{},"s":{"0":1,"1":1,"2":1,"3":1},"f":{},"b":{},"_coverageSchema":"1a1c01bbd47fc00a2c39e90264f33305004495a9","hash":"6ddeca4107359a1199220c09ef0dd03b1b579e05"}
,"/Users/antonboikov/Desktop/Springboard/Node_Pg/express-biztime/expressError.js": {"path":"/Users/antonboikov/Desktop/Springboard/Node_Pg/express-biztime/expressError.js","statementMap":{"0":{"start":{"line":9,"column":4},"end":{"line":9,"column":12}},"1":{"start":{"line":10,"column":4},"end":{"line":10,"column":27}},"2":{"start":{"line":11,"column":4},"end":{"line":11,"column":25}},"3":{"start":{"line":12,"column":4},"end":{"line":12,"column":30}},"4":{"start":{"line":17,"column":0},"end":{"line":17,"column":30}}},"fnMap":{"0":{"name":"(anonymous_0)","decl":{"start":{"line":8,"column":2},"end":{"line":8,"column":3}},"loc":{"start":{"line":8,"column":31},"end":{"line":13,"column":3}},"line":8}},"branchMap":{},"s":{"0":1,"1":1,"2":1,"3":1,"4":1},"f":{"0":1},"b":{},"_coverageSchema":"1a1c01bbd47fc00a2c39e90264f33305004495a9","hash":"1ae96d5e1a94c28d345ef2af67b8a8f8e7285652"}
,"/Users/antonboikov/Desktop/Springboard/Node_Pg/express-biztime/routes/companies.js": {"path":"/Users/antonboikov/Desktop/Springboard/Node_Pg/express-biztime/routes/companies.js","statementMap":{"0":{"start":{"line":1,"column":16},"end":{"line":1,"column":34}},"1":{"start":{"line":2,"column":11},"end":{"line":2,"column":27}},"2":{"start":{"line":3,"column":21},"end":{"line":3,"column":47}},"3":{"start":{"line":5,"column":15},"end":{"line":5,"column":35}},"4":{"start":{"line":13,"column":0},"end":{"line":23,"column":3}},"5":{"start":{"line":14,"column":2},"end":{"line":22,"column":3}},"6":{"start":{"line":15,"column":19},"end":{"line":17,"column":5}},"7":{"start":{"line":19,"column":4},"end":{"line":19,"column":48}},"8":{"start":{"line":21,"column":4},"end":{"line":21,"column":21}},"9":{"start":{"line":33,"column":0},"end":{"line":61,"column":5}},"10":{"start":{"line":34,"column":4},"end":{"line":60,"column":5}},"11":{"start":{"line":35,"column":28},"end":{"line":40,"column":7}},"12":{"start":{"line":42,"column":22},"end":{"line":42,"column":43}},"13":{"start":{"line":44,"column":6},"end":{"line":46,"column":7}},"14":{"start":{"line":45,"column":8},"end":{"line":45,"column":57}},"15":{"start":{"line":48,"column":29},"end":{"line":53,"column":7}},"16":{"start":{"line":55,"column":6},"end":{"line":55,"column":60}},"17":{"start":{"line":55,"column":54},"end":{"line":55,"column":58}},"18":{"start":{"line":57,"column":6},"end":{"line":57,"column":35}},"19":{"start":{"line":59,"column":6},"end":{"line":59,"column":23}},"20":{"start":{"line":72,"column":0},"end":{"line":87,"column":3}},"21":{"start":{"line":73,"column":2},"end":{"line":86,"column":3}},"22":{"start":{"line":74,"column":40},"end":{"line":74,"column":48}},"23":{"start":{"line":76,"column":19},"end":{"line":81,"column":5}},"24":{"start":{"line":83,"column":4},"end":{"line":83,"column":61}},"25":{"start":{"line":85,"column":4},"end":{"line":85,"column":21}},"26":{"start":{"line":100,"column":0},"end":{"line":123,"column":3}},"27":{"start":{"line":101,"column":2},"end":{"line":122,"column":3}},"28":{"start":{"line":102,"column":34},"end":{"line":102,"column":42}},"29":{"start":{"line":104,"column":19},"end":{"line":111,"column":5}},"30":{"start":{"line":113,"column":20},"end":{"line":113,"column":34}},"31":{"start":{"line":115,"column":4},"end":{"line":117,"column":5}},"32":{"start":{"line":116,"column":6},"end":{"line":116,"column":66}},"33":{"start":{"line":119,"column":4},"end":{"line":119,"column":33}},"34":{"start":{"line":121,"column":4},"end":{"line":121,"column":21}},"35":{"start":{"line":133,"column":0},"end":{"line":150,"column":3}},"36":{"start":{"line":134,"column":2},"end":{"line":149,"column":3}},"37":{"start":{"line":135,"column":19},"end":{"line":138,"column":5}},"38":{"start":{"line":140,"column":20},"end":{"line":140,"column":34}},"39":{"start":{"line":142,"column":4},"end":{"line":144,"column":5}},"40":{"start":{"line":143,"column":6},"end":{"line":143,"column":66}},"41":{"start":{"line":146,"column":4},"end":{"line":146,"column":43}},"42":{"start":{"line":148,"column":4},"end":{"line":148,"column":21}},"43":{"start":{"line":152,"column":0},"end":{"line":152,"column":24}}},"fnMap":{"0":{"name":"(anonymous_0)","decl":{"start":{"line":13,"column":16},"end":{"line":13,"column":17}},"loc":{"start":{"line":13,"column":48},"end":{"line":23,"column":1}},"line":13},"1":{"name":"(anonymous_1)","decl":{"start":{"line":33,"column":21},"end":{"line":33,"column":22}},"loc":{"start":{"line":33,"column":53},"end":{"line":61,"column":3}},"line":33},"2":{"name":"(anonymous_2)","decl":{"start":{"line":55,"column":49},"end":{"line":55,"column":50}},"loc":{"start":{"line":55,"column":54},"end":{"line":55,"column":58}},"line":55},"3":{"name":"(anonymous_3)","decl":{"start":{"line":72,"column":17},"end":{"line":72,"column":18}},"loc":{"start":{"line":72,"column":49},"end":{"line":87,"column":1}},"line":72},"4":{"name":"(anonymous_4)","decl":{"start":{"line":100,"column":21},"end":{"line":100,"column":22}},"loc":{"start":{"line":100,"column":53},"end":{"line":123,"column":1}},"line":100},"5":{"name":"(anonymous_5)","decl":{"start":{"line":133,"column":24},"end":{"line":133,"column":25}},"loc":{"start":{"line":133,"column":56},"end":{"line":150,"column":1}},"line":133}},"branchMap":{"0":{"loc":{"start":{"line":44,"column":6},"end":{"line":46,"column":7}},"type":"if","locations":[{"start":{"line":44,"column":6},"end":{"line":46,"column":7}},{"start":{},"end":{}}],"line":44},"1":{"loc":{"start":{"line":115,"column":4},"end":{"line":117,"column":5}},"type":"if","locations":[{"start":{"line":115,"column":4},"end":{"line":117,"column":5}},{"start":{},"end":{}}],"line":115},"2":{"loc":{"start":{"line":142,"column":4},"end":{"line":144,"column":5}},"type":"if","locations":[{"start":{"line":142,"column":4},"end":{"line":144,"column":5}},{"start":{},"end":{}}],"line":142}},"s":{"0":1,"1":1,"2":1,"3":1,"4":1,"5":1,"6":1,"7":1,"8":0,"9":1,"10":2,"11":2,"12":2,"13":2,"14":1,"15":1,"16":1,"17":0,"18":1,"19":1,"20":1,"21":0,"22":0,"23":0,"24":0,"25":0,"26":1,"27":0,"28":0,"29":0,"30":0,"31":0,"32":0,"33":0,"34":0,"35":1,"36":0,"37":0,"38":0,"39":0,"40":0,"41":0,"42":0,"43":1},"f":{"0":1,"1":2,"2":0,"3":0,"4":0,"5":0},"b":{"0":[1,1],"1":[0,0],"2":[0,0]},"_coverageSchema":"1a1c01bbd47fc00a2c39e90264f33305004495a9","hash":"502e04b07a6c06769fd0a83fcf2caf839956518b"}
,"/Users/antonboikov/Desktop/Springboard/Node_Pg/express-biztime/routes/invoices.js": {"path":"/Users/antonboikov/Desktop/Springboard/Node_Pg/express-biztime/routes/invoices.js","statementMap":{"0":{"start":{"line":1,"column":16},"end":{"line":1,"column":34}},"1":{"start":{"line":2,"column":11},"end":{"line":2,"column":27}},"2":{"start":{"line":3,"column":21},"end":{"line":3,"column":47}},"3":{"start":{"line":5,"column":15},"end":{"line":5,"column":35}},"4":{"start":{"line":13,"column":0},"end":{"line":23,"column":3}},"5":{"start":{"line":14,"column":2},"end":{"line":22,"column":3}},"6":{"start":{"line":15,"column":19},"end":{"line":17,"column":5}},"7":{"start":{"line":19,"column":4},"end":{"line":19,"column":47}},"8":{"start":{"line":21,"column":4},"end":{"line":21,"column":21}},"9":{"start":{"line":42,"column":0},"end":{"line":71,"column":3}},"10":{"start":{"line":43,"column":2},"end":{"line":70,"column":3}},"11":{"start":{"line":44,"column":26},"end":{"line":49,"column":5}},"12":{"start":{"line":51,"column":20},"end":{"line":51,"column":41}},"13":{"start":{"line":53,"column":4},"end":{"line":55,"column":5}},"14":{"start":{"line":54,"column":6},"end":{"line":54,"column":55}},"15":{"start":{"line":57,"column":26},"end":{"line":62,"column":5}},"16":{"start":{"line":64,"column":4},"end":{"line":64,"column":44}},"17":{"start":{"line":65,"column":4},"end":{"line":65,"column":29}},"18":{"start":{"line":67,"column":4},"end":{"line":67,"column":33}},"19":{"start":{"line":69,"column":4},"end":{"line":69,"column":21}},"20":{"start":{"line":82,"column":0},"end":{"line":97,"column":3}},"21":{"start":{"line":83,"column":2},"end":{"line":96,"column":3}},"22":{"start":{"line":84,"column":31},"end":{"line":84,"column":39}},"23":{"start":{"line":86,"column":19},"end":{"line":91,"column":5}},"24":{"start":{"line":93,"column":4},"end":{"line":93,"column":61}},"25":{"start":{"line":95,"column":4},"end":{"line":95,"column":21}},"26":{"start":{"line":110,"column":0},"end":{"line":132,"column":3}},"27":{"start":{"line":111,"column":2},"end":{"line":131,"column":3}},"28":{"start":{"line":112,"column":20},"end":{"line":112,"column":28}},"29":{"start":{"line":114,"column":19},"end":{"line":120,"column":5}},"30":{"start":{"line":122,"column":20},"end":{"line":122,"column":34}},"31":{"start":{"line":124,"column":4},"end":{"line":126,"column":5}},"32":{"start":{"line":125,"column":6},"end":{"line":125,"column":55}},"33":{"start":{"line":128,"column":4},"end":{"line":128,"column":33}},"34":{"start":{"line":130,"column":4},"end":{"line":130,"column":21}},"35":{"start":{"line":142,"column":0},"end":{"line":159,"column":3}},"36":{"start":{"line":143,"column":2},"end":{"line":158,"column":3}},"37":{"start":{"line":144,"column":19},"end":{"line":147,"column":5}},"38":{"start":{"line":149,"column":20},"end":{"line":149,"column":34}},"39":{"start":{"line":151,"column":4},"end":{"line":153,"column":5}},"40":{"start":{"line":152,"column":6},"end":{"line":152,"column":55}},"41":{"start":{"line":155,"column":4},"end":{"line":155,"column":43}},"42":{"start":{"line":157,"column":4},"end":{"line":157,"column":21}},"43":{"start":{"line":161,"column":0},"end":{"line":161,"column":24}}},"fnMap":{"0":{"name":"(anonymous_0)","decl":{"start":{"line":13,"column":16},"end":{"line":13,"column":17}},"loc":{"start":{"line":13,"column":48},"end":{"line":23,"column":1}},"line":13},"1":{"name":"(anonymous_1)","decl":{"start":{"line":42,"column":19},"end":{"line":42,"column":20}},"loc":{"start":{"line":42,"column":51},"end":{"line":71,"column":1}},"line":42},"2":{"name":"(anonymous_2)","decl":{"start":{"line":82,"column":17},"end":{"line":82,"column":18}},"loc":{"start":{"line":82,"column":49},"end":{"line":97,"column":1}},"line":82},"3":{"name":"(anonymous_3)","decl":{"start":{"line":110,"column":19},"end":{"line":110,"column":20}},"loc":{"start":{"line":110,"column":51},"end":{"line":132,"column":1}},"line":110},"4":{"name":"(anonymous_4)","decl":{"start":{"line":142,"column":22},"end":{"line":142,"column":23}},"loc":{"start":{"line":142,"column":54},"end":{"line":159,"column":1}},"line":142}},"branchMap":{"0":{"loc":{"start":{"line":53,"column":4},"end":{"line":55,"column":5}},"type":"if","locations":[{"start":{"line":53,"column":4},"end":{"line":55,"column":5}},{"start":{},"end":{}}],"line":53},"1":{"loc":{"start":{"line":124,"column":4},"end":{"line":126,"column":5}},"type":"if","locations":[{"start":{"line":124,"column":4},"end":{"line":126,"column":5}},{"start":{},"end":{}}],"line":124},"2":{"loc":{"start":{"line":151,"column":4},"end":{"line":153,"column":5}},"type":"if","locations":[{"start":{"line":151,"column":4},"end":{"line":153,"column":5}},{"start":{},"end":{}}],"line":151}},"s":{"0":1,"1":1,"2":1,"3":1,"4":1,"5":0,"6":0,"7":0,"8":0,"9":1,"10":0,"11":0,"12":0,"13":0,"14":0,"15":0,"16":0,"17":0,"18":0,"19":0,"20":1,"21":0,"22":0,"23":0,"24":0,"25":0,"26":1,"27":0,"28":0,"29":0,"30":0,"31":0,"32":0,"33":0,"34":0,"35":1,"36":0,"37":0,"38":0,"39":0,"40":0,"41":0,"42":0,"43":1},"f":{"0":0,"1":0,"2":0,"3":0,"4":0},"b":{"0":[0,0],"1":[0,0],"2":[0,0]},"_coverageSchema":"1a1c01bbd47fc00a2c39e90264f33305004495a9","hash":"204390dcff070eb8b781f625b6323d3d02e186c5"}
}
