TN:
SF:app.js
FN:15,(anonymous_0)
FN:22,(anonymous_1)
FNF:2
FNH:1
FNDA:0,(anonymous_0)
FNDA:1,(anonymous_1)
DA:1,1
DA:2,1
DA:3,1
DA:5,1
DA:6,1
DA:8,1
DA:10,1
DA:11,1
DA:15,1
DA:16,0
DA:17,0
DA:22,1
DA:23,1
DA:25,1
DA:31,1
LF:15
LH:13
BRDA:23,0,0,1
BRDA:23,0,1,0
BRF:2
BRH:1
end_of_record
TN:
SF:db.js
FNF:0
FNH:0
DA:3,1
DA:5,1
DA:9,1
DA:11,1
LF:4
LH:4
BRF:0
BRH:0
end_of_record
TN:
SF:expressError.js
FN:8,(anonymous_0)
FNF:1
FNH:1
FNDA:1,(anonymous_0)
DA:9,1
DA:10,1
DA:11,1
DA:12,1
DA:17,1
LF:5
LH:5
BRF:0
BRH:0
end_of_record
TN:
SF:routes/companies.js
FN:13,(anonymous_0)
FN:33,(anonymous_1)
FN:55,(anonymous_2)
FN:72,(anonymous_3)
FN:100,(anonymous_4)
FN:133,(anonymous_5)
FNF:6
FNH:2
FNDA:1,(anonymous_0)
FNDA:2,(anonymous_1)
FNDA:0,(anonymous_2)
FNDA:0,(anonymous_3)
FNDA:0,(anonymous_4)
FNDA:0,(anonymous_5)
DA:1,1
DA:2,1
DA:3,1
DA:5,1
DA:13,1
DA:14,1
DA:15,1
DA:19,1
DA:21,0
DA:33,1
DA:34,2
DA:35,2
DA:42,2
DA:44,2
DA:45,1
DA:48,1
DA:55,1
DA:57,1
DA:59,1
DA:72,1
DA:73,0
DA:74,0
DA:76,0
DA:83,0
DA:85,0
DA:100,1
DA:101,0
DA:102,0
DA:104,0
DA:113,0
DA:115,0
DA:116,0
DA:119,0
DA:121,0
DA:133,1
DA:134,0
DA:135,0
DA:140,0
DA:142,0
DA:143,0
DA:146,0
DA:148,0
DA:152,1
LF:43
LH:22
BRDA:44,0,0,1
BRDA:44,0,1,1
BRDA:115,1,0,0
BRDA:115,1,1,0
BRDA:142,2,0,0
BRDA:142,2,1,0
BRF:6
BRH:2
end_of_record
TN:
SF:routes/invoices.js
FN:13,(anonymous_0)
FN:42,(anonymous_1)
FN:82,(anonymous_2)
FN:110,(anonymous_3)
FN:142,(anonymous_4)
FNF:5
FNH:0
FNDA:0,(anonymous_0)
FNDA:0,(anonymous_1)
FNDA:0,(anonymous_2)
FNDA:0,(anonymous_3)
FNDA:0,(anonymous_4)
DA:1,1
DA:2,1
DA:3,1
DA:5,1
DA:13,1
DA:14,0
DA:15,0
DA:19,0
DA:21,0
DA:42,1
DA:43,0
DA:44,0
DA:51,0
DA:53,0
DA:54,0
DA:57,0
DA:64,0
DA:65,0
DA:67,0
DA:69,0
DA:82,1
DA:83,0
DA:84,0
DA:86,0
DA:93,0
DA:95,0
DA:110,1
DA:111,0
DA:112,0
DA:114,0
DA:122,0
DA:124,0
DA:125,0
DA:128,0
DA:130,0
DA:142,1
DA:143,0
DA:144,0
DA:149,0
DA:151,0
DA:152,0
DA:155,0
DA:157,0
DA:161,1
LF:44
LH:10
BRDA:53,0,0,0
BRDA:53,0,1,0
BRDA:124,1,0,0
BRDA:124,1,1,0
BRDA:151,2,0,0
BRDA:151,2,1,0
BRF:6
BRH:0
end_of_record
